[2025-09-10 14:35:12] Navigating to project directory: C:\Users\nonofoS\IdeaProjects\ipachi-pos-portal\ipachi-pos-portal
[2025-09-10 14:35:12] Installing dependencies and building the project...
[2025-09-10 14:35:20] Error: npm run build failed. Check build.log for details.

> ipachi-pos-portal@0.0.1 build
> tsc -b && vite build

src/api/client.ts(5,16): error TS2339: Property 'env' does not exist on type 'ImportMeta'.
src/api/client.ts(24,8): error TS2322: Type '{}' is not assignable to type 'AxiosRequestHeaders'.
  Type '{}' is missing the following properties from type 'AxiosHeaders': set, get, has, delete, and 24 more.
src/api/endpoints.ts(20,5): error TS1117: An object literal cannot have multiple properties with the same name.
src/api/inventory.ts(15,45): error TS2339: Property 'receipts' does not exist on type '{ readonly categories: "/api/inventory/categories"; readonly measurements: "/api/inventory/measurements"; readonly products: "/api/inventory/products"; readonly components: (id: string | number) => string; readonly lookup: (sku: string) => string; }'.
src/api/inventory.ts(16,45): error TS2339: Property 'stock' does not exist on type '{ readonly categories: "/api/inventory/categories"; readonly measurements: "/api/inventory/measurements"; readonly products: "/api/inventory/products"; readonly components: (id: string | number) => string; readonly lookup: (sku: string) => string; }'.
src/api/inventory.ts(22,24): error TS2339: Property 'restock' does not exist on type '{ readonly categories: "/api/inventory/categories"; readonly measurements: "/api/inventory/measurements"; readonly products: "/api/inventory/products"; readonly components: (id: string | number) => string; readonly lookup: (sku: string) => string; }'.
src/pages/InventoryProducts.tsx(273,9): error TS2322: Type 'ProductRow | undefined' is not assignable to type 'Partial<ProductDraft> | undefined'.
  Type 'ProductRow' is not assignable to type 'Partial<ProductDraft>'.
    Types of property 'barcode' are incompatible.
      Type 'string | null | undefined' is not assignable to type 'string | undefined'.
        Type 'null' is not assignable to type 'string | undefined'.
src/pages/InventoryProducts.tsx(307,31): error TS2339: Property 'unitName' does not exist on type 'ProductDTO'.
src/pages/InventoryProducts.tsx(307,53): error TS2339: Property 'unitName' does not exist on type 'ProductDTO'.
src/pages/InventoryProducts.tsx(307,72): error TS2339: Property 'unitAbbr' does not exist on type 'ProductDTO'.
src/pages/InventoryProducts.tsx(307,96): error TS2339: Property 'unitAbbr' does not exist on type 'ProductDTO'.
src/pages/InventoryProducts.tsx(340,39): error TS2339: Property 'unitName' does not exist on type 'ProductDTO'.
src/pages/InventoryProducts.tsx(340,61): error TS2339: Property 'unitName' does not exist on type 'ProductDTO'.
src/pages/InventoryProducts.tsx(340,80): error TS2339: Property 'unitAbbr' does not exist on type 'ProductDTO'.
src/pages/InventoryProducts.tsx(340,104): error TS2339: Property 'unitAbbr' does not exist on type 'ProductDTO'.
src/pages/InventoryProducts.tsx(360,33): error TS2339: Property 'unitName' does not exist on type 'ProductDTO'.
src/pages/InventoryProducts.tsx(360,55): error TS2339: Property 'unitName' does not exist on type 'ProductDTO'.
src/pages/InventoryProducts.tsx(360,74): error TS2339: Property 'unitAbbr' does not exist on type 'ProductDTO'.
src/pages/InventoryProducts.tsx(360,98): error TS2339: Property 'unitAbbr' does not exist on type 'ProductDTO'.
[2025-09-10 14:48:03] Navigating to project directory: C:\Users\nonofoS\IdeaProjects\ipachi-pos-portal\ipachi-pos-portal
[2025-09-10 14:48:03] Installing dependencies and building the project...
[2025-09-10 14:48:11] Error: npm run build failed. Check build.log for details.

> ipachi-pos-portal@0.0.1 build
> tsc -b && vite build

src/auth/AuthContext.tsx(4,21): error TS2305: Module '"../api/endpoints"' has no exported member 'AuthResponse'.
src/pages/RegisterWizard.tsx(8,21): error TS2305: Module '"../api/endpoints"' has no exported member 'AuthResponse'.
src/pages/RegisterWizard.tsx(8,35): error TS2305: Module '"../api/endpoints"' has no exported member 'RegisterRequest'.
src/pages/RegisterWizard.tsx(8,52): error TS2305: Module '"../api/endpoints"' has no exported member 'NewUserSetupRequest'.
[2025-09-10 14:56:03] Navigating to project directory: C:\Users\nonofoS\IdeaProjects\ipachi-pos-portal\ipachi-pos-portal
[2025-09-10 14:56:03] Installing dependencies and building the project...
[2025-09-10 14:56:13] Error: npm run build failed. Check build.log for details.

> ipachi-pos-portal@0.0.1 build
> tsc -b && vite build

src/auth/AuthContext.tsx(25,28): error TS2322: Type 'string | undefined' is not assignable to type 'string'.
  Type 'undefined' is not assignable to type 'string'.
[2025-09-10 15:04:33] Navigating to project directory: C:\Users\nonofoS\IdeaProjects\ipachi-pos-portal\ipachi-pos-portal
[2025-09-10 15:04:33] Installing dependencies and building the project...
[2025-09-10 15:04:49] Build completed successfully. Output directory: dist
[2025-09-10 15:04:49] Transferring files to root@159.223.202.97:/var/www/ipachi-pos...
[2025-09-10 15:05:26] Files transferred successfully
[2025-09-10 15:05:26] Setting permissions and restarting Nginx on 159.223.202.97...
[2025-09-10 15:05:26] Error: SSH commands failed
[2025-09-12 16:16:25] Navigating to project directory: C:\Users\nonofoS\IdeaProjects\ipachi-pos-portal\ipachi-pos-portal
[2025-09-12 16:16:25] Installing dependencies and building the project...
[2025-09-12 16:16:40] Error: npm run build failed. Check build.log for details.

> ipachi-pos-portal@0.0.1 build
> tsc -b && vite build

src/components/PromoDialog.tsx(148,11): error TS2322: Type '{ buyPrice: number; components: { name: string; measurement: number; unitCost: number; }[]; id?: number | undefined; name?: string | undefined; sku?: string | undefined; barcode?: string | undefined; ... 8 more ...; imageFile?: File | ... 1 more ... | undefined; } | { ...; }' is not assignable to type 'Partial<ProductDraft>'.
  Type '{ buyPrice: number; components: { name: string; measurement: number; unitCost: number; }[]; id?: number | undefined; name?: string | undefined; sku?: string | undefined; barcode?: string | undefined; categoryId?: number | null | undefined; unitId?: number | null | undefined; ... 6 more ...; imageFile?: (File | null)...' is not assignable to type 'Partial<ProductDraft>'.
    Types of property 'components' are incompatible.
      Type '{ name: string; measurement: number; unitCost: number; }[]' is not assignable to type 'IngredientLine[]'.
        Property 'id' is missing in type '{ name: string; measurement: number; unitCost: number; }' but required in type 'IngredientLine'.
src/pages/Discounts.tsx(188,9): error TS2322: Type '(payload: Partial<PromoCampaign>, mode: "add" | "edit") => Promise<void>' is not assignable to type '(p: Partial<ProductDraft>) => void'.
  Target signature provides too few arguments. Expected 2 or more, but got 1.
[2025-09-12 17:02:27] Navigating to project directory: C:\Users\nonofoS\IdeaProjects\ipachi-pos-portal\ipachi-pos-portal
[2025-09-12 17:02:28] Installing dependencies and building the project...
[2025-09-12 17:02:38] Error: npm run build failed. Check build.log for details.

> ipachi-pos-portal@0.0.1 build
> tsc -b && vite build

src/components/PromoDialog.tsx(148,11): error TS2322: Type '{ buyPrice: number; components: { name: string; measurement: number; unitCost: number; }[]; id?: number | undefined; name?: string | undefined; sku?: string | undefined; barcode?: string | undefined; ... 8 more ...; imageFile?: File | ... 1 more ... | undefined; } | { ...; }' is not assignable to type 'Partial<ProductDraft>'.
  Type '{ buyPrice: number; components: { name: string; measurement: number; unitCost: number; }[]; id?: number | undefined; name?: string | undefined; sku?: string | undefined; barcode?: string | undefined; categoryId?: number | null | undefined; unitId?: number | null | undefined; ... 6 more ...; imageFile?: (File | null)...' is not assignable to type 'Partial<ProductDraft>'.
    Types of property 'components' are incompatible.
      Type '{ name: string; measurement: number; unitCost: number; }[]' is not assignable to type 'IngredientLine[]'.
        Property 'id' is missing in type '{ name: string; measurement: number; unitCost: number; }' but required in type 'IngredientLine'.
src/pages/Discounts.tsx(188,9): error TS2322: Type '(payload: Partial<PromoCampaign>, mode: "add" | "edit") => Promise<void>' is not assignable to type '(p: Partial<ProductDraft>) => void'.
  Target signature provides too few arguments. Expected 2 or more, but got 1.
[2025-09-12 17:32:39] Navigating to project directory: C:\Users\nonofoS\IdeaProjects\ipachi-pos-portal\ipachi-pos-portal
[2025-09-12 17:32:39] Installing dependencies and building the project...
[2025-09-12 17:32:56] Error: npm run build failed. Check build.log for details.

> ipachi-pos-portal@0.0.1 build
> tsc -b && vite build

src/components/PromoDialog.tsx(148,11): error TS2322: Type '{ buyPrice: number; components: { name: string; measurement: number; unitCost: number; }[]; id?: number | undefined; name?: string | undefined; sku?: string | undefined; barcode?: string | undefined; ... 8 more ...; imageFile?: File | ... 1 more ... | undefined; } | { ...; }' is not assignable to type 'Partial<ProductDraft>'.
  Type '{ buyPrice: number; components: { name: string; measurement: number; unitCost: number; }[]; id?: number | undefined; name?: string | undefined; sku?: string | undefined; barcode?: string | undefined; categoryId?: number | null | undefined; unitId?: number | null | undefined; ... 6 more ...; imageFile?: (File | null)...' is not assignable to type 'Partial<ProductDraft>'.
    Types of property 'components' are incompatible.
      Type '{ name: string; measurement: number; unitCost: number; }[]' is not assignable to type 'IngredientLine[]'.
        Property 'id' is missing in type '{ name: string; measurement: number; unitCost: number; }' but required in type 'IngredientLine'.
src/pages/Discounts.tsx(188,9): error TS2322: Type '(payload: Partial<PromoCampaign>, mode: "add" | "edit") => Promise<void>' is not assignable to type '(p: Partial<ProductDraft>) => void'.
  Target signature provides too few arguments. Expected 2 or more, but got 1.
[2025-09-12 17:37:14] Navigating to project directory: C:\Users\nonofoS\IdeaProjects\ipachi-pos-portal\ipachi-pos-portal
[2025-09-12 17:37:15] Installing dependencies and building the project...
[2025-09-12 17:37:28] Error: npm run build failed. Check build.log for details.

> ipachi-pos-portal@0.0.1 build
> tsc -b && vite build

src/components/PromoDialog.tsx(148,11): error TS2322: Type '{ buyPrice: number; components: { name: string; measurement: number; unitCost: number; }[]; id?: number | undefined; name?: string | undefined; sku?: string | undefined; barcode?: string | undefined; ... 8 more ...; imageFile?: File | ... 1 more ... | undefined; } | { ...; }' is not assignable to type 'Partial<ProductDraft>'.
  Type '{ buyPrice: number; components: { name: string; measurement: number; unitCost: number; }[]; id?: number | undefined; name?: string | undefined; sku?: string | undefined; barcode?: string | undefined; categoryId?: number | null | undefined; unitId?: number | null | undefined; ... 6 more ...; imageFile?: (File | null)...' is not assignable to type 'Partial<ProductDraft>'.
    Types of property 'components' are incompatible.
      Type '{ name: string; measurement: number; unitCost: number; }[]' is not assignable to type 'IngredientLine[]'.
        Property 'id' is missing in type '{ name: string; measurement: number; unitCost: number; }' but required in type 'IngredientLine'.
src/pages/Discounts.tsx(185,7): error TS2322: Type '{ open: boolean; mode: "add" | "edit"; initial: PromoCampaign | undefined; onClose: () => void; onSave: (payload: Partial<ProductDraft>) => Promise<void>; }' is not assignable to type 'IntrinsicAttributes & { open: boolean; initial?: Partial<ProductDraft> | undefined; categories?: CategoryOpt[] | undefined; units?: UnitOpt[] | undefined; onClose: () => void; onSave: (p: Partial<...>) => void; }'.
  Property 'mode' does not exist on type 'IntrinsicAttributes & { open: boolean; initial?: Partial<ProductDraft> | undefined; categories?: CategoryOpt[] | undefined; units?: UnitOpt[] | undefined; onClose: () => void; onSave: (p: Partial<...>) => void; }'.
[2025-09-12 21:45:18] Navigating to project directory: C:\Users\nonofoS\IdeaProjects\ipachi-pos-portal\ipachi-pos-portal
[2025-09-12 21:45:18] Installing dependencies and building the project...
[2025-09-12 21:45:45] Build completed successfully. Output directory: dist
[2025-09-12 21:45:45] Transferring files to root@159.223.202.97:/var/www/ipachi-pos...
[2025-09-12 21:46:04] Files transferred successfully
[2025-09-12 21:46:04] Setting permissions and restarting Nginx on 159.223.202.97...
[2025-09-12 21:46:05] Error: SSH commands failed
[2025-09-12 23:24:45] Navigating to project directory: C:\Users\nonofoS\IdeaProjects\ipachi-pos-portal\ipachi-pos-portal
[2025-09-12 23:24:45] Installing dependencies and building the project...
[2025-09-12 23:25:17] Build completed successfully. Output directory: dist
[2025-09-12 23:25:17] Transferring files to root@159.223.202.97:/var/www/ipachi-pos...
[2025-09-12 23:25:39] Files transferred successfully
[2025-09-12 23:25:40] Setting permissions and restarting Nginx on 159.223.202.97...
[2025-09-12 23:25:40] Error: SSH commands failed
[2025-09-13 16:57:21] Navigating to project directory: C:\Users\nonofoS\IdeaProjects\ipachi-pos-portal\ipachi-pos-portal
[2025-09-13 16:57:22] Installing dependencies and building the project...
[2025-09-13 16:57:52] Build completed successfully. Output directory: dist
[2025-09-13 16:57:52] Transferring files to root@159.223.202.97:/var/www/ipachi-pos...
[2025-09-13 16:58:30] Files transferred successfully
[2025-09-13 16:58:30] Setting permissions and restarting Nginx on 159.223.202.97...
[2025-09-13 16:58:31] Error: SSH commands failed
[2025-09-14 16:28:24] Navigating to project directory: C:\Users\nonofoS\IdeaProjects\ipachi-pos-portal\ipachi-pos-portal
[2025-09-14 16:28:24] Installing dependencies and building the project...
[2025-09-14 16:29:16] Build completed successfully. Output directory: dist
[2025-09-14 16:29:16] Transferring files to root@159.223.202.97:/var/www/ipachi-pos...
[2025-09-14 16:29:38] Error: SCP file transfer failed. Check scp.log for details.
ssh: connect to host 159.223.202.97 port 22: Connection timed out
scp: Connection closed
[2025-09-14 16:30:49] Navigating to project directory: C:\Users\nonofoS\IdeaProjects\ipachi-pos-portal\ipachi-pos-portal
[2025-09-14 16:30:49] Installing dependencies and building the project...
[2025-09-14 16:31:21] Build completed successfully. Output directory: dist
[2025-09-14 16:31:21] Transferring files to root@159.223.202.97:/var/www/ipachi-pos...
[2025-09-14 16:31:43] Error: SCP file transfer failed. Check scp.log for details.
ssh: connect to host 159.223.202.97 port 22: Connection timed out
scp: Connection closed
[2025-09-14 16:32:31] Navigating to project directory: C:\Users\nonofoS\IdeaProjects\ipachi-pos-portal\ipachi-pos-portal
[2025-09-14 16:32:31] Installing dependencies and building the project...
[2025-09-14 16:33:03] Build completed successfully. Output directory: dist
[2025-09-14 16:33:03] Transferring files to root@159.223.202.97:/var/www/ipachi-pos...
[2025-09-14 16:33:25] Error: SCP file transfer failed. Check scp.log for details.
ssh: connect to host 159.223.202.97 port 22: Connection timed out
scp: Connection closed
[2025-09-14 16:33:43] Navigating to project directory: C:\Users\nonofoS\IdeaProjects\ipachi-pos-portal\ipachi-pos-portal
[2025-09-14 16:33:43] Installing dependencies and building the project...
[2025-09-14 16:34:31] Build completed successfully. Output directory: dist
[2025-09-14 16:34:32] Transferring files to root@159.223.202.97:/var/www/ipachi-pos...
[2025-09-14 16:34:53] Error: SCP file transfer failed. Check scp.log for details.
ssh: connect to host 159.223.202.97 port 22: Connection timed out
scp: Connection closed
[2025-09-18 21:27:32] Navigating to project directory: C:\Users\nonofoS\IdeaProjects\ipachi-pos-portal\ipachi-pos-portal
[2025-09-18 21:27:32] Installing dependencies and building the project...
[2025-09-18 21:27:56] Error: npm run build failed. Check build.log for details.

> ipachi-pos-portal@0.0.1 build
> tsc -b && vite build

src/api/tills.ts(10,8): error TS2307: Cannot find module '../types/till' or its corresponding type declarations.
src/api/tills.ts(13,30): error TS2551: Property 'tills' does not exist on type '{ readonly auth: { readonly login: "/api/auth/login"; readonly register: "/api/auth/register"; readonly me: "/api/auth/me"; }; readonly user: { readonly setup: "/api/users/setup"; }; ... 6 more ...; readonly features: { ...; }; }'. Did you mean 'till'?
src/api/tills.ts(16,13): error TS2551: Property 'tills' does not exist on type '{ readonly auth: { readonly login: "/api/auth/login"; readonly register: "/api/auth/register"; readonly me: "/api/auth/me"; }; readonly user: { readonly setup: "/api/users/setup"; }; ... 6 more ...; readonly features: { ...; }; }'. Did you mean 'till'?
src/api/tills.ts(19,13): error TS2551: Property 'tills' does not exist on type '{ readonly auth: { readonly login: "/api/auth/login"; readonly register: "/api/auth/register"; readonly me: "/api/auth/me"; }; readonly user: { readonly setup: "/api/users/setup"; }; ... 6 more ...; readonly features: { ...; }; }'. Did you mean 'till'?
src/api/tills.ts(22,13): error TS2551: Property 'tills' does not exist on type '{ readonly auth: { readonly login: "/api/auth/login"; readonly register: "/api/auth/register"; readonly me: "/api/auth/me"; }; readonly user: { readonly setup: "/api/users/setup"; }; ... 6 more ...; readonly features: { ...; }; }'. Did you mean 'till'?
src/api/tills.ts(25,13): error TS2551: Property 'tills' does not exist on type '{ readonly auth: { readonly login: "/api/auth/login"; readonly register: "/api/auth/register"; readonly me: "/api/auth/me"; }; readonly user: { readonly setup: "/api/users/setup"; }; ... 6 more ...; readonly features: { ...; }; }'. Did you mean 'till'?
src/api/tills.ts(28,13): error TS2551: Property 'tills' does not exist on type '{ readonly auth: { readonly login: "/api/auth/login"; readonly register: "/api/auth/register"; readonly me: "/api/auth/me"; }; readonly user: { readonly setup: "/api/users/setup"; }; ... 6 more ...; readonly features: { ...; }; }'. Did you mean 'till'?
src/api/tills.ts(31,13): error TS2551: Property 'tills' does not exist on type '{ readonly auth: { readonly login: "/api/auth/login"; readonly register: "/api/auth/register"; readonly me: "/api/auth/me"; }; readonly user: { readonly setup: "/api/users/setup"; }; ... 6 more ...; readonly features: { ...; }; }'. Did you mean 'till'?
src/api/tills.ts(34,13): error TS2551: Property 'tills' does not exist on type '{ readonly auth: { readonly login: "/api/auth/login"; readonly register: "/api/auth/register"; readonly me: "/api/auth/me"; }; readonly user: { readonly setup: "/api/users/setup"; }; ... 6 more ...; readonly features: { ...; }; }'. Did you mean 'till'?
src/api/tills.ts(38,13): error TS2551: Property 'tills' does not exist on type '{ readonly auth: { readonly login: "/api/auth/login"; readonly register: "/api/auth/register"; readonly me: "/api/auth/me"; }; readonly user: { readonly setup: "/api/users/setup"; }; ... 6 more ...; readonly features: { ...; }; }'. Did you mean 'till'?
src/components/TillSummaryCard.tsx(3,42): error TS2307: Cannot find module '../types/till' or its corresponding type declarations.
src/pages/CashTill.tsx(35,47): error TS2307: Cannot find module '../types/till' or its corresponding type declarations.
src/pages/CashTill.tsx(43,11): error TS2339: Property 'currentUser' does not exist on type 'AuthContextType'.
src/pages/CashTill.tsx(43,24): error TS2339: Property 'terminalId' does not exist on type 'AuthContextType'.
src/pages/CashTill.tsx(137,61): error TS2339: Property 'replace' does not exist on type '(id: string | number) => string'.
src/pages/CashTill.tsx(626,15): error TS2322: Type '{ key: string; sku: string; name: string; price: number; stock: number; lowStock: number | undefined; img: string | undefined; onAdd: () => void; disabled: boolean; animateDelta: number; onQuantityChange: (delta: any) => void; }' is not assignable to type 'IntrinsicAttributes & Props'.
  Property 'disabled' does not exist on type 'IntrinsicAttributes & Props'.
src/pages/CashTill.tsx(628,34): error TS7006: Parameter 'delta' implicitly has an 'any' type.
[2025-09-18 22:01:54] Navigating to project directory: C:\Users\nonofoS\IdeaProjects\ipachi-pos-portal\ipachi-pos-portal
[2025-09-18 22:01:55] Installing dependencies and building the project...
[2025-09-18 22:02:20] Error: npm run build failed. Check build.log for details.

> ipachi-pos-portal@0.0.1 build
> tsc -b && vite build

src/api/tills.ts(13,36): error TS2339: Property 'base' does not exist on type '{ readonly checkout: "/api/cash-till/checkout"; readonly active: "/api/tills/active"; readonly open: "/api/tills/open"; readonly close: (id: string | number) => string; readonly summary: (id: string | number) => string; }'.
src/api/tills.ts(19,69): error TS2339: Property 'cashIn' does not exist on type '{ readonly checkout: "/api/cash-till/checkout"; readonly active: "/api/tills/active"; readonly open: "/api/tills/open"; readonly close: (id: string | number) => string; readonly summary: (id: string | number) => string; }'.
src/api/tills.ts(19,108): error TS2339: Property 'cashIn' does not exist on type '{ readonly checkout: "/api/cash-till/checkout"; readonly active: "/api/tills/active"; readonly open: "/api/tills/open"; readonly close: (id: string | number) => string; readonly summary: (id: string | number) => string; }'.
src/api/tills.ts(20,70): error TS2339: Property 'cashOut' does not exist on type '{ readonly checkout: "/api/cash-till/checkout"; readonly active: "/api/tills/active"; readonly open: "/api/tills/open"; readonly close: (id: string | number) => string; readonly summary: (id: string | number) => string; }'.
src/api/tills.ts(20,110): error TS2339: Property 'cashOut' does not exist on type '{ readonly checkout: "/api/cash-till/checkout"; readonly active: "/api/tills/active"; readonly open: "/api/tills/open"; readonly close: (id: string | number) => string; readonly summary: (id: string | number) => string; }'.
src/api/tills.ts(21,67): error TS2339: Property 'recordSale' does not exist on type '{ readonly checkout: "/api/cash-till/checkout"; readonly active: "/api/tills/active"; readonly open: "/api/tills/open"; readonly close: (id: string | number) => string; readonly summary: (id: string | number) => string; }'.
src/api/tills.ts(21,110): error TS2339: Property 'recordSale' does not exist on type '{ readonly checkout: "/api/cash-till/checkout"; readonly active: "/api/tills/active"; readonly open: "/api/tills/open"; readonly close: (id: string | number) => string; readonly summary: (id: string | number) => string; }'.
src/api/tills.ts(22,69): error TS2339: Property 'refund' does not exist on type '{ readonly checkout: "/api/cash-till/checkout"; readonly active: "/api/tills/active"; readonly open: "/api/tills/open"; readonly close: (id: string | number) => string; readonly summary: (id: string | number) => string; }'.
src/api/tills.ts(22,108): error TS2339: Property 'refund' does not exist on type '{ readonly checkout: "/api/cash-till/checkout"; readonly active: "/api/tills/active"; readonly open: "/api/tills/open"; readonly close: (id: string | number) => string; readonly summary: (id: string | number) => string; }'.
src/components/TillSummaryCard.tsx(17,52): error TS2339: Property 'openingFloat' does not exist on type 'TillSummary'.
src/components/TillSummaryCard.tsx(18,44): error TS2339: Property 'sales' does not exist on type 'TillSummary'.
src/components/TillSummaryCard.tsx(19,46): error TS2339: Property 'refunds' does not exist on type 'TillSummary'.
src/components/TillSummaryCard.tsx(22,46): error TS2339: Property 'payouts' does not exist on type 'TillSummary'.
src/components/TillSummaryCard.tsx(24,19): error TS2339: Property 'closingCashActual' does not exist on type 'TillSummary'.
src/components/TillSummaryCard.tsx(26,58): error TS2339: Property 'closingCashActual' does not exist on type 'TillSummary'.
src/components/TillSummaryCard.tsx(27,52): error TS2339: Property 'overShort' does not exist on type 'TillSummary'.
src/pages/CashTill.tsx(43,11): error TS2339: Property 'currentUser' does not exist on type 'AuthContextType'.
src/pages/CashTill.tsx(43,24): error TS2339: Property 'terminalId' does not exist on type 'AuthContextType'.
src/pages/CashTill.tsx(142,32): error TS2339: Property 'base' does not exist on type '{ readonly checkout: "/api/cash-till/checkout"; readonly active: "/api/tills/active"; readonly open: "/api/tills/open"; readonly close: (id: string | number) => string; readonly summary: (id: string | number) => string; }'.
[2025-09-18 22:13:25] Navigating to project directory: C:\Users\nonofoS\IdeaProjects\ipachi-pos-portal\ipachi-pos-portal
[2025-09-18 22:13:25] Installing dependencies and building the project...
[2025-09-18 22:13:43] Error: npm run build failed. Check build.log for details.

> ipachi-pos-portal@0.0.1 build
> tsc -b && vite build

src/api/tills.ts(13,36): error TS2339: Property 'base' does not exist on type '{ readonly checkout: "/api/cash-till/checkout"; readonly active: "/api/tills/active"; readonly open: "/api/tills/open"; readonly close: (id: string | number) => string; readonly summary: (id: string | number) => string; }'.
src/api/tills.ts(34,21): error TS2339: Property 'replace' does not exist on type 'never'.
src/api/tills.ts(44,21): error TS2339: Property 'replace' does not exist on type 'never'.
src/api/tills.ts(49,36): error TS2339: Property 'cashIn' does not exist on type '{ readonly checkout: "/api/cash-till/checkout"; readonly active: "/api/tills/active"; readonly open: "/api/tills/open"; readonly close: (id: string | number) => string; readonly summary: (id: string | number) => string; }'.
src/api/tills.ts(59,36): error TS2339: Property 'cashOut' does not exist on type '{ readonly checkout: "/api/cash-till/checkout"; readonly active: "/api/tills/active"; readonly open: "/api/tills/open"; readonly close: (id: string | number) => string; readonly summary: (id: string | number) => string; }'.
src/api/tills.ts(69,36): error TS2339: Property 'recordSale' does not exist on type '{ readonly checkout: "/api/cash-till/checkout"; readonly active: "/api/tills/active"; readonly open: "/api/tills/open"; readonly close: (id: string | number) => string; readonly summary: (id: string | number) => string; }'.
src/api/tills.ts(79,36): error TS2339: Property 'refund' does not exist on type '{ readonly checkout: "/api/cash-till/checkout"; readonly active: "/api/tills/active"; readonly open: "/api/tills/open"; readonly close: (id: string | number) => string; readonly summary: (id: string | number) => string; }'.
src/auth/AuthContext.tsx(47,18): error TS2339: Property 'id' does not exist on type 'AuthResponse'.
src/components/TillSummaryCard.tsx(116,14): error TS2304: Cannot find name 'Divider'.
src/pages/CashTill.tsx(142,32): error TS2339: Property 'base' does not exist on type '{ readonly checkout: "/api/cash-till/checkout"; readonly active: "/api/tills/active"; readonly open: "/api/tills/open"; readonly close: (id: string | number) => string; readonly summary: (id: string | number) => string; }'.
[2025-09-18 22:19:07] Navigating to project directory: C:\Users\nonofoS\IdeaProjects\ipachi-pos-portal\ipachi-pos-portal
[2025-09-18 22:19:07] Installing dependencies and building the project...
[2025-09-18 22:19:27] Error: npm run build failed. Check build.log for details.

> ipachi-pos-portal@0.0.1 build
> tsc -b && vite build

src/auth/AuthContext.tsx(47,18): error TS2339: Property 'id' does not exist on type 'AuthResponse'.
src/components/TillSummaryCard.tsx(116,14): error TS2304: Cannot find name 'Divider'.
[2025-09-18 22:21:53] Navigating to project directory: C:\Users\nonofoS\IdeaProjects\ipachi-pos-portal\ipachi-pos-portal
[2025-09-18 22:21:53] Installing dependencies and building the project...
[2025-09-18 22:22:22] Build completed successfully. Output directory: dist
[2025-09-18 22:22:23] Transferring files to root@159.223.202.97:/var/www/ipachi-pos...
[2025-09-18 22:22:41] Files transferred successfully
[2025-09-18 22:22:41] Setting permissions and restarting Nginx on 159.223.202.97...
[2025-09-18 22:22:41] Error: SSH commands failed
[2025-09-19 17:55:24] Navigating to project directory: C:\Users\nonofoS\IdeaProjects\ipachi-pos-portal\ipachi-pos-portal
[2025-09-19 17:55:24] Installing dependencies and building the project...
[2025-09-19 17:55:44] Error: npm run build failed. Check build.log for details.

> ipachi-pos-portal@0.0.1 build
> tsc -b && vite build

src/pages/Account.tsx(304,9): error TS2322: Type '(progressEvent: ProgressEvent) => void' is not assignable to type '(progressEvent: AxiosProgressEvent) => void'.
  Types of parameters 'progressEvent' and 'progressEvent' are incompatible.
    Type 'AxiosProgressEvent' is missing the following properties from type 'ProgressEvent<EventTarget>': target, bubbles, cancelBubble, cancelable, and 18 more.
src/pages/Account.tsx(377,51): error TS2339: Property 'email' does not exist on type 'User'.
src/pages/Account.tsx(377,64): error TS2339: Property 'email' does not exist on type 'User'.
[2025-09-19 17:59:41] Navigating to project directory: C:\Users\nonofoS\IdeaProjects\ipachi-pos-portal\ipachi-pos-portal
[2025-09-19 17:59:42] Installing dependencies and building the project...
[2025-09-19 17:59:58] Error: npm run build failed. Check build.log for details.

> ipachi-pos-portal@0.0.1 build
> tsc -b && vite build

src/pages/Account.tsx(23,3): error TS2305: Module '"@mui/material"' has no exported member 'Upload'.
src/pages/Account.tsx(353,29): error TS2339: Property 'email' does not exist on type 'User'.
[2025-09-19 18:17:24] Navigating to project directory: C:\Users\nonofoS\IdeaProjects\ipachi-pos-portal\ipachi-pos-portal
[2025-09-19 18:17:25] Installing dependencies and building the project...
[2025-09-19 18:17:57] Build completed successfully. Output directory: dist
[2025-09-19 18:17:58] Transferring files to root@159.223.202.97:/var/www/ipachi-pos...
[2025-09-19 18:18:16] Files transferred successfully
[2025-09-19 18:18:16] Setting permissions and restarting Nginx on 159.223.202.97...
[2025-09-19 18:18:16] Error: SSH commands failed
[2025-09-20 02:51:04] Navigating to project directory: C:\Users\nonofoS\IdeaProjects\ipachi-pos-portal\ipachi-pos-portal
[2025-09-20 02:51:04] Installing dependencies and building the project...
[2025-09-20 02:51:22] Error: npm run build failed. Check build.log for details.

> ipachi-pos-portal@0.0.1 build
> tsc -b && vite build

src/pages/CashTill.tsx(43,11): error TS2339: Property 'currentUser' does not exist on type 'AuthContextType'.
src/pages/CashTill.tsx(43,24): error TS2339: Property 'terminalId' does not exist on type 'AuthContextType'.
[2025-09-20 02:54:42] Navigating to project directory: C:\Users\nonofoS\IdeaProjects\ipachi-pos-portal\ipachi-pos-portal
[2025-09-20 02:54:43] Installing dependencies and building the project...
[2025-09-20 02:55:01] Error: npm run build failed. Check build.log for details.

> ipachi-pos-portal@0.0.1 build
> tsc -b && vite build

src/pages/CashTill.tsx(71,54): error TS2339: Property 'replace' does not exist on type 'string | number'.
  Property 'replace' does not exist on type 'number'.
src/pages/CashTill.tsx(566,35): error TS2339: Property 'replace' does not exist on type 'string | number'.
  Property 'replace' does not exist on type 'number'.
[2025-09-20 03:05:14] Navigating to project directory: C:\Users\nonofoS\IdeaProjects\ipachi-pos-portal\ipachi-pos-portal
[2025-09-20 03:05:14] Installing dependencies and building the project...
[2025-09-20 03:06:15] Build completed successfully. Output directory: dist
[2025-09-20 03:06:15] Transferring files to root@159.223.202.97:/var/www/ipachi-pos...
[2025-09-20 03:06:35] Files transferred successfully
[2025-09-20 03:06:36] Setting permissions and restarting Nginx on 159.223.202.97...
[2025-09-20 03:06:36] Error: SSH commands failed
[2025-09-20 13:01:19] Navigating to project directory: C:\Users\nonofoS\IdeaProjects\ipachi-pos-portal\ipachi-pos-portal
[2025-09-20 13:01:19] Installing dependencies and building the project...
[2025-09-20 13:02:04] Build completed successfully. Output directory: dist
[2025-09-20 13:02:04] Transferring files to root@159.223.202.97:/var/www/ipachi-pos...
[2025-09-20 13:03:33] Files transferred successfully
[2025-09-20 13:03:33] Setting permissions and restarting Nginx on 159.223.202.97...
[2025-09-20 13:03:34] Error: SSH commands failed
[2025-09-21 01:40:48] Navigating to project directory: C:\Users\nonofoS\IdeaProjects\ipachi-pos-portal\ipachi-pos-portal
[2025-09-21 01:40:48] Installing dependencies and building the project...
[2025-09-21 01:41:04] Error: npm run build failed. Check build.log for details.

> ipachi-pos-portal@0.0.1 build
> tsc -b && vite build

src/components/AddRoleDialog.tsx(21,74): error TS2307: Cannot find module '../../api/roles' or its corresponding type declarations.
src/pages/StaffManagement.tsx(154,24): error TS2339: Property 'data' does not exist on type 'Staff[]'.
src/pages/StaffManagement.tsx(159,24): error TS2339: Property 'data' does not exist on type 'Role[]'.
src/pages/StaffManagement.tsx(164,28): error TS2339: Property 'data' does not exist on type 'Location[]'.
src/pages/StaffManagement.tsx(283,30): error TS2339: Property 'data' does not exist on type 'Role'.
[2025-09-21 02:06:01] Navigating to project directory: C:\Users\nonofoS\IdeaProjects\ipachi-pos-portal\ipachi-pos-portal
[2025-09-21 02:06:01] Installing dependencies and building the project...
[2025-09-21 02:06:11] Error: npm run build failed. Check build.log for details.

> ipachi-pos-portal@0.0.1 build
> tsc -b && vite build

src/pages/StaffManagement.tsx(411,71): error TS2322: Type 'number' is not assignable to type 'string'.
src/pages/StaffManagement.tsx(419,74): error TS2322: Type 'number' is not assignable to type 'string'.
[2025-09-21 02:10:59] Navigating to project directory: C:\Users\nonofoS\IdeaProjects\ipachi-pos-portal\ipachi-pos-portal
[2025-09-21 02:10:59] Installing dependencies and building the project...
[2025-09-21 02:11:23] Build completed successfully. Output directory: dist
[2025-09-21 02:11:23] Transferring files to root@159.223.202.97:/var/www/ipachi-pos...
[2025-09-21 02:12:02] Files transferred successfully
[2025-09-21 02:12:02] Setting permissions and restarting Nginx on 159.223.202.97...
[2025-09-21 02:12:02] Error: SSH commands failed
[2025-09-21 20:06:37] Navigating to project directory: C:\Users\nonofoS\IdeaProjects\ipachi-pos-portal\ipachi-pos-portal
[2025-09-21 20:06:37] Installing dependencies and building the project...
[2025-09-21 20:06:57] Error: npm run build failed. Check build.log for details.

> ipachi-pos-portal@0.0.1 build
> tsc -b && vite build

src/components/NavBar.tsx(17,33): error TS1261: Already included file name 'C:/Users/nonofoS/IdeaProjects/ipachi-pos-portal/ipachi-pos-portal/src/hooks/useBusinessLogo.ts' differs from file name 'C:/Users/nonofoS/IdeaProjects/ipachi-pos-portal/ipachi-pos-portal/src/hooks/UseBusinessLogo.ts' only in casing.
  The file is in the program because:
    Imported via "../hooks/useBusinessLogo" from file 'C:/Users/nonofoS/IdeaProjects/ipachi-pos-portal/ipachi-pos-portal/src/components/NavBar.tsx'
    Imported via "../hooks/useBusinessLogo" from file 'C:/Users/nonofoS/IdeaProjects/ipachi-pos-portal/ipachi-pos-portal/src/components/Sidebar.tsx'
    Matched by include pattern 'src' in 'C:/Users/nonofoS/IdeaProjects/ipachi-pos-portal/ipachi-pos-portal/tsconfig.json'
src/components/ProductDialog.tsx(70,5): error TS2322: Type 'string' is not assignable to type 'number'.
src/components/ProductDialog.tsx(84,7): error TS2322: Type 'string' is not assignable to type 'number'.
src/components/ProductDialog.tsx(335,51): error TS2322: Type 'string' is not assignable to type 'number'.
src/components/ProductDialog.tsx(386,38): error TS2322: Type 'string | number' is not assignable to type 'number | null | undefined'.
  Type 'string' is not assignable to type 'number'.
[2025-09-21 20:13:55] Navigating to project directory: C:\Users\nonofoS\IdeaProjects\ipachi-pos-portal\ipachi-pos-portal
[2025-09-21 20:13:55] Installing dependencies and building the project...
[2025-09-21 20:14:04] Error: npm run build failed. Check build.log for details.

> ipachi-pos-portal@0.0.1 build
> tsc -b && vite build

src/components/ProductDialog.tsx(34,13): error TS2304: Cannot find name 'NumOrEmpty'.
src/components/ProductDialog.tsx(35,14): error TS2304: Cannot find name 'NumOrEmpty'.
src/components/ProductDialog.tsx(36,13): error TS2304: Cannot find name 'NumOrEmpty'.
src/components/ProductDialog.tsx(37,13): error TS2304: Cannot find name 'NumOrEmpty'.
src/components/ProductDialog.tsx(392,38): error TS2322: Type 'string | number' is not assignable to type 'number | null | undefined'.
  Type 'string' is not assignable to type 'number'.
[2025-09-21 20:24:15] Navigating to project directory: C:\Users\nonofoS\IdeaProjects\ipachi-pos-portal\ipachi-pos-portal
[2025-09-21 20:24:15] Installing dependencies and building the project...
[2025-09-21 20:24:40] Build completed successfully. Output directory: dist
[2025-09-21 20:24:40] Transferring files to root@159.223.202.97:/var/www/ipachi-pos...
[2025-09-21 20:25:06] Files transferred successfully
[2025-09-21 20:25:06] Setting permissions and restarting Nginx on 159.223.202.97...
[2025-09-21 20:25:07] Error: SSH commands failed
[2025-09-22 11:49:23] Navigating to project directory: C:\Users\nonofoS\IdeaProjects\ipachi-pos-portal\ipachi-pos-portal
[2025-09-22 11:49:23] Installing dependencies and building the project...
[2025-09-22 11:49:59] Build completed successfully. Output directory: dist
[2025-09-22 11:49:59] Transferring files to root@159.223.202.97:/var/www/ipachi-pos...
[2025-09-22 11:50:26] Files transferred successfully
[2025-09-22 11:50:26] Setting permissions and restarting Nginx on 159.223.202.97...
[2025-09-22 11:50:26] Error: SSH commands failed
[2025-09-24 01:51:09] Navigating to project directory: C:\Users\nonofoS\IdeaProjects\ipachi-pos-portal\ipachi-pos-portal
[2025-09-24 01:51:10] Installing dependencies and building the project...
[2025-09-24 01:51:26] Error: npm run build failed. Check build.log for details.

> ipachi-pos-portal@0.0.1 build
> tsc -b && vite build

src/auth/AuthContext.tsx(268,42): error TS2345: Argument of type 'string' is not assignable to parameter of type 'Action'.
src/pages/Customers.tsx(14,23): error TS2304: Cannot find name 'client'.
src/pages/Customers.tsx(21,23): error TS2304: Cannot find name 'client'.
src/pages/Customers.tsx(26,11): error TS2304: Cannot find name 'client'.
[2025-09-24 01:57:32] Navigating to project directory: C:\Users\nonofoS\IdeaProjects\ipachi-pos-portal\ipachi-pos-portal
[2025-09-24 01:57:32] Installing dependencies and building the project...
[2025-09-24 01:57:56] Error: npm run build failed. Check build.log for details.

> ipachi-pos-portal@0.0.1 build
> tsc -b && vite build

src/auth/AuthContext.tsx(268,42): error TS2345: Argument of type 'string' is not assignable to parameter of type 'Action'.
src/pages/Customers.tsx(104,15): error TS2774: This condition will always return true since this function is always defined. Did you mean to call it instead?
[2025-09-24 02:02:49] Navigating to project directory: C:\Users\nonofoS\IdeaProjects\ipachi-pos-portal\ipachi-pos-portal
[2025-09-24 02:02:49] Installing dependencies and building the project...
[2025-09-24 02:03:22] Build completed successfully. Output directory: dist
[2025-09-24 02:03:22] Transferring files to root@159.223.202.97:/var/www/ipachi-pos...
[2025-09-24 02:04:11] Files transferred successfully
[2025-09-24 02:04:11] Setting permissions and restarting Nginx on 159.223.202.97...
[2025-09-24 02:04:11] Error: SSH commands failed
[2025-09-25 01:44:38] Navigating to project directory: C:\Users\nonofoS\IdeaProjects\ipachi-pos-portal\ipachi-pos-portal
[2025-09-25 01:44:39] Installing dependencies and building the project...
[2025-09-25 01:45:10] Build completed successfully. Output directory: dist
[2025-09-25 01:45:10] Transferring files to root@159.223.202.97:/var/www/ipachi-pos...
[2025-09-25 01:45:37] Files transferred successfully
[2025-09-25 01:45:37] Setting permissions and restarting Nginx on 159.223.202.97...
[2025-09-25 01:45:37] Error: SSH commands failed
[2025-09-26 20:21:20] Navigating to project directory: C:\Users\nonofoS\IdeaProjects\ipachi-pos-portal\ipachi-pos-portal
[2025-09-26 20:21:20] Error: Could not navigate to project directory
[2025-09-26 20:22:42] Navigating to project directory: /home/nonofo/PhpstormProjects/ipachi_pos_fe2
[2025-09-26 20:22:42] Installing dependencies and building the project...
[2025-09-26 20:22:56] Error: npm run build failed. Check build.log for details.

> ipachi-pos-portal@0.0.1 build
> tsc -b && vite build

sh: 1: tsc: Permission denied
[2025-09-26 20:27:23] Navigating to project directory: /home/nonofo/PhpstormProjects/ipachi_pos_fe2
[2025-09-26 20:27:23] Installing dependencies and building the project...
[2025-09-26 20:27:43] Error: npm run build failed. Check build.log for details.

> ipachi-pos-portal@0.0.1 build
> tsc -b && vite build

sh: 1: tsc: Permission denied
[2025-09-26 20:28:22] Navigating to project directory: /home/nonofo/PhpstormProjects/ipachi_pos_fe2
[2025-09-26 20:28:22] Installing dependencies and building the project...
[2025-09-26 20:28:28] Error: npm run build failed. Check build.log for details.

> ipachi-pos-portal@0.0.1 build
> tsc -b && vite build

sh: 1: tsc: Permission denied
[2025-09-26 20:30:13] Navigating to project directory: /home/nonofo/PhpstormProjects/ipachi_pos_fe2
[2025-09-26 20:30:13] Installing dependencies and building the project...
[2025-09-26 20:30:15] Error: npm run build failed. Check build.log for details.

> ipachi-pos-portal@0.0.1 build
> tsc -b && vite build

sh: 1: tsc: Permission denied
[2025-09-26 20:31:01] Navigating to project directory: /home/nonofo/PhpstormProjects/ipachi_pos_fe2
[2025-09-26 20:31:01] Installing dependencies and building the project...
[2025-09-26 20:31:07] Error: npm run build failed. Check build.log for details.

> ipachi-pos-portal@0.0.1 build
> tsc -b && vite build

sh: 1: tsc: Permission denied
[2025-09-26 20:31:28] Navigating to project directory: /home/nonofo/PhpstormProjects/ipachi_pos_fe2
[2025-09-26 20:31:28] Installing dependencies and building the project...
[2025-09-26 20:31:30] Error: npm run build failed. Check build.log for details.

> ipachi-pos-portal@0.0.1 build
> tsc -b && vite build

sh: 1: tsc: Permission denied
[2025-09-26 20:49:24] Navigating to project directory: /home/nonofo/PhpstormProjects/ipachi_pos_fe2
[2025-09-26 20:49:24] Installing dependencies and building the project...
[2025-09-26 20:49:44] Error: npm run build failed. Check build.log for details.

> ipachi-pos-portal@0.0.1 build
> tsc -b && vite build

sh: 1: tsc: Permission denied
[2025-09-26 20:54:32] Navigating to project directory: /home/nonofo/PhpstormProjects/ipachi_pos_fe2
[2025-09-26 20:54:32] Installing dependencies and building the project...
[2025-09-26 20:58:47] Error: npm run build failed. Check build.log for details.

> ipachi-pos-portal@0.0.1 build
> tsc -b && vite build

src/pages/Account.tsx(464,24): error TS2552: Cannot find name 'FormFormData'. Did you mean 'FormData'?
[2025-09-26 21:00:31] Navigating to project directory: /home/nonofo/PhpstormProjects/ipachi_pos_fe2
[2025-09-26 21:00:31] Installing dependencies and building the project...
[2025-09-26 21:00:51] Build completed successfully. Output directory: dist
[2025-09-26 21:00:51] Transferring files to root@159.223.202.97:/var/www/ipachi-pos...
[2025-09-26 21:01:56] Files transferred successfully
[2025-09-26 21:01:56] Setting permissions and restarting Nginx on 159.223.202.97...
[2025-09-26 21:01:56] Error: SSH commands failed
[2025-09-27 18:20:24] Navigating to project directory: /home/nonofo/PhpstormProjects/ipachi_pos_fe2
[2025-09-27 18:20:24] Installing dependencies and building the project...
[2025-09-27 18:20:42] Build completed successfully. Output directory: dist
[2025-09-27 18:20:42] Transferring files to root@159.223.202.97:/var/www/ipachi-pos...
[2025-09-27 18:21:56] Files transferred successfully
[2025-09-27 18:21:56] Setting permissions and restarting Nginx on 159.223.202.97...
[2025-09-27 18:21:56] Error: SSH commands failed
[2025-09-27 20:20:20] Navigating to project directory: /home/nonofo/PhpstormProjects/ipachi_pos_fe2
[2025-09-27 20:20:20] Installing dependencies and building the project...
[2025-09-27 20:20:39] Build completed successfully. Output directory: dist
[2025-09-27 20:20:39] Transferring files to root@159.223.202.97:/var/www/ipachi-pos...
[2025-09-27 20:21:01] Files transferred successfully
[2025-09-27 20:21:01] Setting permissions and restarting Nginx on 159.223.202.97...
[2025-09-27 20:21:01] Error: SSH commands failed
[2025-09-28 02:14:23] Navigating to project directory: /home/nonofo/PhpstormProjects/ipachi_pos_fe2
[2025-09-28 02:14:24] Installing dependencies and building the project...
[2025-09-28 02:17:19] Build completed successfully. Output directory: dist
[2025-09-28 02:17:19] Transferring files to root@159.223.202.97:/var/www/ipachi-pos...
[2025-09-28 02:17:40] Files transferred successfully
[2025-09-28 02:17:40] Setting permissions and restarting Nginx on 159.223.202.97...
[2025-09-28 02:17:40] Error: SSH commands failed
[2025-09-29 11:21:54] Navigating to project directory: /home/nonofo/PhpstormProjects/ipachi_pos_fe2
[2025-09-29 11:21:54] Installing dependencies and building the project...
[2025-09-29 11:23:14] Build completed successfully. Output directory: dist
[2025-09-29 11:23:14] Transferring files to root@159.223.202.97:/var/www/ipachi-pos...
[2025-09-29 11:26:33] Error: SCP file transfer failed. Check scp.log for details.
Connection closed by 159.223.202.97 port 22
lost connection
[2025-09-29 11:26:55] Navigating to project directory: /home/nonofo/PhpstormProjects/ipachi_pos_fe2
[2025-09-29 11:26:55] Installing dependencies and building the project...
[2025-09-29 11:27:21] Build completed successfully. Output directory: dist
[2025-09-29 11:27:21] Transferring files to root@159.223.202.97:/var/www/ipachi-pos...
[2025-09-29 11:27:41] Files transferred successfully
[2025-09-29 11:27:41] Setting permissions and restarting Nginx on 159.223.202.97...
[2025-09-29 11:27:41] Error: SSH commands failed
[2025-09-29 11:31:52] Navigating to project directory: /home/nonofo/PhpstormProjects/ipachi_pos_fe2
[2025-09-29 11:31:52] Installing dependencies and building the project...
[2025-09-29 11:32:08] Build completed successfully. Output directory: dist
[2025-09-29 11:32:08] Transferring files to root@159.223.202.97:/var/www/ipachi-pos...
[2025-09-29 11:32:29] Files transferred successfully
[2025-09-29 11:32:29] Setting permissions and restarting Nginx on 159.223.202.97...
[2025-09-29 11:32:29] Error: SSH commands failed
[2025-09-30 00:17:10] Navigating to project directory: /home/nonofo/PhpstormProjects/ipachi_pos_fe2
[2025-09-30 00:17:10] Installing dependencies and building the project...
[2025-09-30 00:19:41] Build completed successfully. Output directory: dist
[2025-09-30 00:19:41] Transferring files to root@159.223.202.97:/var/www/ipachi-pos...
[2025-09-30 00:20:11] Files transferred successfully
[2025-09-30 00:20:11] Setting permissions and restarting Nginx on 159.223.202.97...
[2025-09-30 00:20:11] Error: SSH commands failed
[2025-09-30 00:41:12] Navigating to project directory: /home/nonofo/PhpstormProjects/ipachi_pos_fe2
[2025-09-30 00:41:12] Installing dependencies and building the project...
[2025-09-30 00:41:19] Error: npm run build failed. Check build.log for details.

> ipachi-pos-portal@0.0.1 build
> tsc -b && vite build

src/pages/SubscriptionCodes.tsx(280,17): error TS2322: Type 'Element | null' is not assignable to type 'ReactElement<unknown, any> | undefined'.
  Type 'null' is not assignable to type 'ReactElement<unknown, any> | undefined'.
[2025-09-30 00:45:06] Navigating to project directory: /home/nonofo/PhpstormProjects/ipachi_pos_fe2
[2025-09-30 00:45:06] Installing dependencies and building the project...
[2025-09-30 00:45:21] Build completed successfully. Output directory: dist
[2025-09-30 00:45:21] Transferring files to root@159.223.202.97:/var/www/ipachi-pos...
[2025-09-30 00:45:44] Files transferred successfully
[2025-09-30 00:45:44] Setting permissions and restarting Nginx on 159.223.202.97...
[2025-09-30 00:45:44] Error: SSH commands failed
[2025-09-30 01:39:24] Navigating to project directory: /home/nonofo/PhpstormProjects/ipachi_pos_fe2
[2025-09-30 01:39:24] Installing dependencies and building the project...
[2025-09-30 01:39:40] Build completed successfully. Output directory: dist
[2025-09-30 01:39:40] Transferring files to root@159.223.202.97:/var/www/ipachi-pos...
[2025-09-30 01:41:07] Files transferred successfully
[2025-09-30 01:41:07] Setting permissions and restarting Nginx on 159.223.202.97...
[2025-09-30 01:41:07] Error: SSH commands failed
[2025-09-30 19:14:57] Navigating to project directory: C:\Users\nonofoS\IdeaProjects\ipachi-pos-portal\ipachi-pos-portal
[2025-09-30 19:14:57] Installing dependencies and building the project...
[2025-09-30 19:15:09] Error: npm run build failed. Check build.log for details.

> ipachi-pos-portal@0.0.1 build
> tsc -b && vite build

src/pages/RegisterWizard.tsx(539,58): error TS2339: Property 'areaCode' does not exist on type 'Step2'.
[2025-09-30 19:18:26] Navigating to project directory: C:\Users\nonofoS\IdeaProjects\ipachi-pos-portal\ipachi-pos-portal
[2025-09-30 19:18:26] Installing dependencies and building the project...
[2025-09-30 19:18:48] Build completed successfully. Output directory: dist
[2025-09-30 19:18:48] Transferring files to root@159.223.202.97:/var/www/ipachi-pos...
[2025-09-30 19:20:47] Files transferred successfully
[2025-09-30 19:20:47] Setting permissions and restarting Nginx on 159.223.202.97...
[2025-09-30 19:20:47] Error: SSH commands failed
[2025-10-01 02:22:16] Navigating to project directory: C:\Users\nonofoS\IdeaProjects\ipachi-pos-portal\ipachi-pos-portal
[2025-10-01 02:22:16] Installing dependencies and building the project...
[2025-10-01 02:23:00] Build completed successfully. Output directory: dist
[2025-10-01 02:23:00] Transferring files to root@159.223.202.97:/var/www/ipachi-pos...
[2025-10-01 02:23:37] Files transferred successfully
[2025-10-01 02:23:37] Setting permissions and restarting Nginx on 159.223.202.97...
[2025-10-01 02:23:38] Error: SSH commands failed
[2025-10-02 02:04:15] Navigating to project directory: C:\Users\nonofoS\IdeaProjects\ipachi-pos-portal\ipachi-pos-portal
[2025-10-02 02:04:15] Installing dependencies and building the project...
[2025-10-02 02:04:29] Error: npm run build failed. Check build.log for details.

> ipachi-pos-portal@0.0.1 build
> tsc -b && vite build

src/pages/ActivateSubscription.tsx(67,47): error TS2339: Property 'response' does not exist on type '{}'.
src/pages/ActivateSubscription.tsx(67,68): error TS2339: Property 'message' does not exist on type '{}'.
[2025-10-02 02:12:46] Navigating to project directory: C:\Users\nonofoS\IdeaProjects\ipachi-pos-portal\ipachi-pos-portal
[2025-10-02 02:12:46] Installing dependencies and building the project...
[2025-10-02 02:13:12] Build completed successfully. Output directory: dist
[2025-10-02 02:13:12] Transferring files to root@159.223.202.97:/var/www/ipachi-pos...
[2025-10-02 02:13:42] Files transferred successfully
[2025-10-02 02:13:42] Setting permissions and restarting Nginx on 159.223.202.97...
[2025-10-02 02:13:42] Error: SSH commands failed
[2025-10-02 20:48:22] Navigating to project directory: C:\Users\nonofoS\IdeaProjects\ipachi-pos-portal\ipachi-pos-portal
[2025-10-02 20:48:22] Installing dependencies and building the project...
[2025-10-02 20:48:34] Error: npm run build failed. Check build.log for details.

> ipachi-pos-portal@0.0.1 build
> tsc -b && vite build

src/api/endpoints.ts(146,13): error TS2300: Duplicate identifier 'ProductUpdate'.
src/api/endpoints.ts(150,13): error TS2300: Duplicate identifier 'ProductUpdate'.
src/api/inventory.ts(5,3): error TS2440: Import declaration conflicts with local declaration of 'ProductDTO'.
src/api/inventory.ts(5,20): error TS2440: Import declaration conflicts with local declaration of 'ProductCreate'.
src/api/inventory.ts(5,40): error TS2440: Import declaration conflicts with local declaration of 'ProductUpdate'.
src/api/inventory.ts(15,13): error TS2300: Duplicate identifier 'ProductSaleMode'.
src/api/inventory.ts(206,13): error TS2300: Duplicate identifier 'ProductSaleMode'.
src/pages/InventoryProducts.tsx(380,17): error TS2322: Type '{ barcode: string | undefined; id: number; sku: string; name: string; category?: string | null | undefined; categoryId?: number | null | undefined; unit?: string | null | undefined; unitId?: number | ... 1 more ... | undefined; ... 7 more ...; saleMode?: "PER_UNIT" | ... 2 more ... | undefined; } | undefined' is not assignable to type 'Partial<ProductDraft> | undefined'.
  Type '{ barcode: string | undefined; id: number; sku: string; name: string; category?: string | null; categoryId?: number | null; unit?: string | null; unitId?: number | null; buyPrice: number; ... 6 more ...; saleMode?: "PER_UNIT" | "BY_WEIGHT" | null; }' is not assignable to type 'Partial<ProductDraft>'.
    Types of property 'saleMode' are incompatible.
      Type '"PER_UNIT" | "BY_WEIGHT" | null | undefined' is not assignable to type 'ProductSaleMode | undefined'.
        Type 'null' is not assignable to type 'ProductSaleMode | undefined'.
src/pages/Reports.tsx(608,62): error TS2345: Argument of type 'ValueType' is not assignable to parameter of type 'string | number | null | undefined'.
  Type '(string | number)[]' is not assignable to type 'string | number | null | undefined'.
src/pages/Reports.tsx(630,62): error TS2345: Argument of type 'ValueType' is not assignable to parameter of type 'string | number | null | undefined'.
  Type '(string | number)[]' is not assignable to type 'string | number | null | undefined'.
src/pages/Reports.tsx(653,62): error TS2345: Argument of type 'ValueType' is not assignable to parameter of type 'string | number | null | undefined'.
  Type '(string | number)[]' is not assignable to type 'string | number | null | undefined'.
src/pages/Reports.tsx(689,62): error TS2345: Argument of type 'ValueType' is not assignable to parameter of type 'string | number | null | undefined'.
  Type '(string | number)[]' is not assignable to type 'string | number | null | undefined'.
src/pages/Reports.tsx(712,62): error TS2345: Argument of type 'ValueType' is not assignable to parameter of type 'string | number | null | undefined'.
  Type '(string | number)[]' is not assignable to type 'string | number | null | undefined'.
[2025-10-02 21:09:45] Navigating to project directory: C:\Users\nonofoS\IdeaProjects\ipachi-pos-portal\ipachi-pos-portal
[2025-10-02 21:09:45] Installing dependencies and building the project...
[2025-10-02 21:09:53] Error: npm run build failed. Check build.log for details.

> ipachi-pos-portal@0.0.1 build
> tsc -b && vite build

src/pages/InventoryProducts.tsx(385,17): error TS1005: '}' expected.
src/pages/Reports.tsx(931,79): error TS1002: Unterminated string literal.
src/pages/Reports.tsx(932,27): error TS1005: ',' expected.
src/pages/Reports.tsx(932,31): error TS1136: Property assignment expected.
src/pages/Reports.tsx(932,33): error TS1005: '...' expected.
src/pages/Reports.tsx(932,43): error TS1005: '}' expected.
src/pages/Reports.tsx(932,68): error TS1381: Unexpected token. Did you mean `{'}'}` or `&rbrace;`?
src/pages/Reports.tsx(932,69): error TS1381: Unexpected token. Did you mean `{'}'}` or `&rbrace;`?
src/pages/Reports.tsx(932,70): error TS1382: Unexpected token. Did you mean `{'>'}` or `&gt;`?
src/pages/Reports.tsx(932,85): error TS17002: Expected corresponding JSX closing tag for 'Paper'.
src/pages/Reports.tsx(937,15): error TS17002: Expected corresponding JSX closing tag for 'div'.
src/pages/Reports.tsx(938,11): error TS1005: ')' expected.
src/pages/Reports.tsx(938,13): error TS17002: Expected corresponding JSX closing tag for 'Box'.
src/pages/Reports.tsx(939,9): error TS1005: ')' expected.
src/pages/Reports.tsx(940,7): error TS1109: Expression expected.
src/pages/Reports.tsx(940,8): error TS1128: Declaration or statement expected.
src/pages/Reports.tsx(989,5): error TS1128: Declaration or statement expected.
src/pages/Reports.tsx(990,3): error TS1109: Expression expected.
src/pages/Reports.tsx(991,1): error TS1128: Declaration or statement expected.
[2025-10-02 21:14:11] Navigating to project directory: C:\Users\nonofoS\IdeaProjects\ipachi-pos-portal\ipachi-pos-portal
[2025-10-02 21:14:11] Installing dependencies and building the project...
[2025-10-02 21:14:22] Error: npm run build failed. Check build.log for details.

> ipachi-pos-portal@0.0.1 build
> tsc -b && vite build

src/components/RestockHistory.tsx(18,10): error TS2305: Module '"../api/inventory"' has no exported member 'RestockHistoryRow'.
[2025-10-02 21:18:00] Navigating to project directory: C:\Users\nonofoS\IdeaProjects\ipachi-pos-portal\ipachi-pos-portal
[2025-10-02 21:18:00] Installing dependencies and building the project...
[2025-10-02 21:18:44] Build completed successfully. Output directory: dist
[2025-10-02 21:18:44] Transferring files to root@159.223.202.97:/var/www/ipachi-pos...
[2025-10-02 21:19:33] Files transferred successfully
[2025-10-02 21:19:33] Setting permissions and restarting Nginx on 159.223.202.97...
[2025-10-02 21:19:33] Error: SSH commands failed
[2025-10-02 22:19:25] Navigating to project directory: C:\Users\nonofoS\IdeaProjects\ipachi-pos-portal\ipachi-pos-portal
[2025-10-02 22:19:25] Installing dependencies and building the project...
[2025-10-02 22:20:01] Build completed successfully. Output directory: dist
[2025-10-02 22:20:01] Transferring files to root@159.223.202.97:/var/www/ipachi-pos...
[2025-10-02 22:20:31] Files transferred successfully
[2025-10-02 22:20:31] Setting permissions and restarting Nginx on 159.223.202.97...
[2025-10-02 22:20:31] Error: SSH commands failed
[2025-10-02 22:46:30] Navigating to project directory: C:\Users\nonofoS\IdeaProjects\ipachi-pos-portal\ipachi-pos-portal
[2025-10-02 22:46:30] Installing dependencies and building the project...
[2025-10-02 22:47:34] Build completed successfully. Output directory: dist
[2025-10-02 22:47:34] Transferring files to root@159.223.202.97:/var/www/ipachi-pos...
[2025-10-02 22:48:07] Files transferred successfully
[2025-10-02 22:48:07] Setting permissions and restarting Nginx on 159.223.202.97...
[2025-10-02 22:48:07] Error: SSH commands failed
[2025-10-03 00:09:38] Navigating to project directory: C:\Users\nonofoS\IdeaProjects\ipachi-pos-portal\ipachi-pos-portal
[2025-10-03 00:09:38] Installing dependencies and building the project...
[2025-10-03 00:09:57] Error: npm run build failed. Check build.log for details.

> ipachi-pos-portal@0.0.1 build
> tsc -b && vite build

src/pages/Reports.tsx(396,3): error TS2353: Object literal may only specify known properties, and 'copyStyles' does not exist in type 'UseReactToPrintOptions'.
[2025-10-03 00:13:44] Navigating to project directory: C:\Users\nonofoS\IdeaProjects\ipachi-pos-portal\ipachi-pos-portal
[2025-10-03 00:13:44] Installing dependencies and building the project...
[2025-10-03 00:14:21] Build completed successfully. Output directory: dist
[2025-10-03 00:14:21] Transferring files to root@159.223.202.97:/var/www/ipachi-pos...
[2025-10-03 00:14:40] Error: SCP file transfer failed. Check scp.log for details.
Permission denied, please try again.
Permission denied, please try again.
root@159.223.202.97: Permission denied (publickey,password).
scp: Connection closed
[2025-10-03 00:23:24] Navigating to project directory: C:\Users\nonofoS\IdeaProjects\ipachi-pos-portal\ipachi-pos-portal
[2025-10-03 00:23:24] Installing dependencies and building the project...
[2025-10-03 00:23:44] Error: npm run build failed. Check build.log for details.

> ipachi-pos-portal@0.0.1 build
> tsc -b && vite build

src/pages/InventoryProducts.tsx(392,14): error TS2322: Type '{ barcode: string | undefined; saleMode: "PER_UNIT" | "BY_WEIGHT" | undefined; id: number; sku: string; name: string; category?: string | null | undefined; categoryId?: number | null | undefined; ... 9 more ...; productType?: "SINGLE" | ... 4 more ... | undefined; } | undefined' is not assignable to type 'Partial<ProductDraft> | undefined'.
  Type '{ barcode: string | undefined; saleMode: "PER_UNIT" | "BY_WEIGHT" | undefined; id: number; sku: string; ... 12 more ...; productType?: "SINGLE" | "RECIPE" | "single" | "recipe" | null; }' is not assignable to type 'Partial<ProductDraft>'.
    Types of property 'productType' are incompatible.
      Type '"SINGLE" | "RECIPE" | "single" | "recipe" | null | undefined' is not assignable to type 'ProductType | undefined'.
        Type 'null' is not assignable to type 'ProductType | undefined'.
[2025-10-03 00:40:14] Navigating to project directory: C:\Users\nonofoS\IdeaProjects\ipachi-pos-portal\ipachi-pos-portal
[2025-10-03 00:40:14] Installing dependencies and building the project...
[2025-10-03 00:40:37] Error: npm run build failed. Check build.log for details.

> ipachi-pos-portal@0.0.1 build
> tsc -b && vite build

src/pages/InventoryProducts.tsx(431,14): error TS2322: Type '{ barcode: string | undefined; saleMode: "PER_UNIT" | "BY_WEIGHT" | undefined; id: number; sku: string; name: string; category?: string | null | undefined; categoryId?: number | null | undefined; ... 9 more ...; productType?: "SINGLE" | ... 4 more ... | undefined; } | undefined' is not assignable to type 'Partial<ProductDraft> | undefined'.
  Type '{ barcode: string | undefined; saleMode: "PER_UNIT" | "BY_WEIGHT" | undefined; id: number; sku: string; ... 12 more ...; productType?: "SINGLE" | "RECIPE" | "single" | "recipe" | null; }' is not assignable to type 'Partial<ProductDraft>'.
    Types of property 'productType' are incompatible.
      Type '"SINGLE" | "RECIPE" | "single" | "recipe" | null | undefined' is not assignable to type 'ProductType | undefined'.
        Type 'null' is not assignable to type 'ProductType | undefined'.
[2025-10-03 01:01:57] Navigating to project directory: C:\Users\nonofoS\IdeaProjects\ipachi-pos-portal\ipachi-pos-portal
[2025-10-03 01:01:57] Installing dependencies and building the project...
[2025-10-03 01:02:13] Error: npm run build failed. Check build.log for details.

> ipachi-pos-portal@0.0.1 build
> tsc -b && vite build

src/pages/InventoryProducts.tsx(188,8): error TS1117: An object literal cannot have multiple properties with the same name.
src/pages/InventoryProducts.tsx(258,8): error TS1117: An object literal cannot have multiple properties with the same name.
[2025-10-03 01:05:35] Navigating to project directory: C:\Users\nonofoS\IdeaProjects\ipachi-pos-portal\ipachi-pos-portal
[2025-10-03 01:05:35] Installing dependencies and building the project...
[2025-10-03 01:06:14] Build completed successfully. Output directory: dist
[2025-10-03 01:06:14] Transferring files to root@159.223.202.97:/var/www/ipachi-pos...
[2025-10-03 01:07:09] Files transferred successfully
[2025-10-03 01:07:09] Setting permissions and restarting Nginx on 159.223.202.97...
[2025-10-03 01:07:09] Error: SSH commands failed
[2025-10-03 13:46:32] Entering project dir: /c/Users/nonofoS/IdeaProjects/ipachi-pos-portal/ipachi-pos-portal
[2025-10-03 13:46:33] Installing deps (npm ci if lockfile exists)
[2025-10-03 13:47:00] npm ci failed
npm error code EPERM
npm error syscall unlink
npm error path C:\Users\nonofoS\IdeaProjects\ipachi-pos-portal\ipachi-pos-portal\node_modules\@esbuild\win32-x64\esbuild.exe
npm error errno -4048
npm error [Error: EPERM: operation not permitted, unlink 'C:\Users\nonofoS\IdeaProjects\ipachi-pos-portal\ipachi-pos-portal\node_modules\@esbuild\win32-x64\esbuild.exe'] {
npm error   errno: -4048,
npm error   code: 'EPERM',
npm error   syscall: 'unlink',
npm error   path: 'C:\\Users\\nonofoS\\IdeaProjects\\ipachi-pos-portal\\ipachi-pos-portal\\node_modules\\@esbuild\\win32-x64\\esbuild.exe'
npm error }
npm error
npm error The operation was rejected by your operating system.
npm error It's possible that the file was already in use (by a text editor or antivirus),
npm error or that you lack permissions to access it.
npm error
npm error If you believe this might be a permissions issue, please double-check the
npm error permissions of the file and its containing directories, or try running
npm error the command again as root/Administrator.
npm error A complete log of this run can be found in: C:\Users\nonofoS\AppData\Local\npm-cache\_logs\2025-10-03T11_46_35_221Z-debug-0.log
[2025-10-03 13:54:13] Entering project dir: /c/Users/nonofoS/IdeaProjects/ipachi-pos-portal/ipachi-pos-portal
[2025-10-03 13:54:14] Installing deps (npm ci if lockfile exists)
[2025-10-03 13:54:18] npm ci failed
npm error code EUSAGE
npm error
npm error `npm ci` can only install packages when your package.json and package-lock.json or npm-shrinkwrap.json are in sync. Please update your lock file with `npm install` before continuing.
npm error
npm error Invalid: lock file's yaml@1.10.2 does not satisfy yaml@2.8.1
npm error Missing: yaml@1.10.2 from lock file
npm error
npm error Clean install a project
npm error
npm error Usage:
npm error npm ci
npm error
npm error Options:
npm error [--install-strategy <hoisted|nested|shallow|linked>] [--legacy-bundling]
npm error [--global-style] [--omit <dev|optional|peer> [--omit <dev|optional|peer> ...]]
npm error [--include <prod|dev|optional|peer> [--include <prod|dev|optional|peer> ...]]
npm error [--strict-peer-deps] [--foreground-scripts] [--ignore-scripts] [--no-audit]
npm error [--no-bin-links] [--no-fund] [--dry-run]
npm error [-w|--workspace <workspace-name> [-w|--workspace <workspace-name> ...]]
npm error [-ws|--workspaces] [--include-workspace-root] [--install-links]
npm error
npm error aliases: clean-install, ic, install-clean, isntall-clean
npm error
npm error Run "npm help ci" for more info
npm error A complete log of this run can be found in: C:\Users\nonofoS\AppData\Local\npm-cache\_logs\2025-10-03T11_54_15_896Z-debug-0.log
[2025-10-03 13:56:42] Entering project dir: /c/Users/nonofoS/IdeaProjects/ipachi-pos-portal/ipachi-pos-portal
[2025-10-03 13:56:42] Installing deps (npm ci if lockfile exists)
[2025-10-03 13:58:07] Building production bundle
[2025-10-03 13:58:33] Build OK. Output: dist
[2025-10-03 13:58:33] Preparing server (installing nginx if needed, creating dirs, configuring site)
[2025-10-03 14:21:59] Entering project dir: /c/Users/nonofoS/IdeaProjects/ipachi-pos-portal/ipachi-pos-portal
[2025-10-03 14:21:59] Installing deps (npm ci if lockfile exists)
[2025-10-03 14:24:09] Building production bundle
[2025-10-03 14:24:34] Build OK. Output: dist
[2025-10-03 14:24:35] Preparing server (installing nginx if needed, creating dirs, configuring site)
[2025-10-03 14:30:47] Navigating to project directory: /c/Users/nonofoS/IdeaProjects/ipachi-pos-portal/ipachi-pos-portal
[2025-10-03 14:30:47] Installing dependencies and building the project
[2025-10-03 14:31:21] Build completed successfully. Output: dist
[2025-10-03 14:31:22] Packaging build into /tmp/ipachi-pos-1759494681.tgz
[2025-10-03 14:31:22] Uploading bundle via PSCP to root@159.223.202.97:/tmp/ipachi-pos.tgz
[2025-10-03 14:31:44] Error: PSCP transfer failed. See scp.log
FATAL ERROR: Network error: Connection timed out
[2025-10-03 14:32:02] Navigating to project directory: /c/Users/nonofoS/IdeaProjects/ipachi-pos-portal/ipachi-pos-portal
[2025-10-03 14:32:02] Installing dependencies and building the project
[2025-10-03 14:32:35] Build completed successfully. Output: dist
[2025-10-03 14:32:35] Packaging build into /tmp/ipachi-pos-1759494755.tgz
[2025-10-03 14:32:36] Uploading bundle via PSCP to root@159.223.202.97:/tmp/ipachi-pos.tgz
[2025-10-03 14:32:57] Error: PSCP transfer failed. See scp.log
FATAL ERROR: Network error: Connection timed out
[2025-10-03 14:36:27] Navigating to project directory: /c/Users/nonofoS/IdeaProjects/ipachi-pos-portal/ipachi-pos-portal
[2025-10-03 14:36:27] Installing dependencies and building the project
[2025-10-03 14:37:33] Build completed successfully. Output: dist
[2025-10-03 14:37:34] Packaging build into /tmp/ipachi-pos-1759495054.tgz
[2025-10-03 14:37:35] Uploading bundle via PSCP to root@54.146.245.164:/tmp/ipachi-pos.tgz
[2025-10-03 14:37:39] Error: PSCP transfer failed. See scp.log
unable to initialise SFTP: could not connect
[2025-10-03 14:40:12] Navigating to project directory: /c/Users/nonofoS/IdeaProjects/ipachi-pos-portal/ipachi-pos-portal
[2025-10-03 14:40:12] Installing dependencies and building the project
[2025-10-03 14:40:59] Build completed successfully. Output: dist
[2025-10-03 14:40:59] Checking SSH connectivity to root@54.146.245.164:22 
[2025-10-03 14:41:01] Cannot reach SSH on 54.146.245.164:22. See plink_check.log for details.
[2025-10-03 14:41:02] Hints: open port 22 in cloud firewall / Security Group to your IP; ensure UFW allows OpenSSH; verify SERVER_HOST & SSH_PORT.
[2025-10-03 14:42:08] Navigating to project directory: /c/Users/nonofoS/IdeaProjects/ipachi-pos-portal/ipachi-pos-portal
[2025-10-03 14:42:08] Installing dependencies and building the project
[2025-10-03 14:42:47] Build completed successfully. Output: dist
[2025-10-03 14:42:47] Checking SSH connectivity to ubuntu@54.146.245.164:22 
[2025-10-03 14:42:51] Packaging build into /tmp/ipachi-pos-1759495371.tgz
[2025-10-03 14:42:52] Uploading bundle via PSCP to ubuntu@54.146.245.164:/tmp/ipachi-pos.tgz
[2025-10-03 14:43:01] Upload complete.
[2025-10-03 14:43:01] Applying permissions, deploying files, and restarting Nginx on the server
[2025-10-03 14:43:06] Deployment completed successfully. Visit: http://54.146.245.164/
[2025-10-03 16:55:35] Navigating to project directory: /c/Users/nonofoS/IdeaProjects/ipachi-pos-portal/ipachi-pos-portal
[2025-10-03 16:55:35] Installing dependencies and building the project
[2025-10-03 16:56:16] Build completed successfully. Output: dist
[2025-10-03 16:56:17] Checking SSH connectivity to ubuntu@54.234.22.100:22 
[2025-10-03 16:56:21] Packaging build into /tmp/ipachi-pos-1759503381.tgz
[2025-10-03 16:56:22] Uploading bundle via PSCP to ubuntu@54.234.22.100:/tmp/ipachi-pos.tgz
[2025-10-03 16:56:30] Upload complete.
[2025-10-03 16:56:30] Applying permissions, deploying files, and restarting Nginx on the server
[2025-10-03 16:56:35] Deployment completed successfully. Visit: http://54.234.22.100/
[2025-10-03 18:14:10] Navigating to project directory: /c/Users/nonofoS/IdeaProjects/ipachi-pos-portal/ipachi-pos-portal
[2025-10-03 18:14:10] Installing dependencies and building the project
[2025-10-03 18:14:55] Build completed successfully. Output: dist
[2025-10-03 18:14:55] Checking SSH connectivity to ubuntu@54.234.22.100:22 
[2025-10-03 18:14:59] Packaging build into /tmp/ipachi-pos-1759508099.tgz
[2025-10-03 18:15:00] Uploading bundle via PSCP to ubuntu@54.234.22.100:/tmp/ipachi-pos.tgz
[2025-10-03 18:15:08] Upload complete.
[2025-10-03 18:15:08] Applying permissions, deploying files, and restarting Nginx on the server
[2025-10-03 18:15:12] Deployment completed successfully. Visit: http://54.234.22.100/
[2025-10-03 21:59:30] Navigating to project directory: /c/Users/nonofoS/IdeaProjects/ipachi-pos-portal/ipachi-pos-portal
[2025-10-03 21:59:30] Installing dependencies and building the project
[2025-10-03 22:00:21] Build completed successfully. Output: dist
[2025-10-03 22:00:21] Checking SSH connectivity to ubuntu@54.234.22.100:22 
[2025-10-03 22:00:26] Packaging build into /tmp/ipachi-pos-1759521625.tgz
[2025-10-03 22:00:27] Uploading bundle via PSCP to ubuntu@54.234.22.100:/tmp/ipachi-pos.tgz
[2025-10-03 22:00:37] Upload complete.
[2025-10-03 22:00:38] Applying permissions, deploying files, and restarting Nginx on the server
[2025-10-03 22:00:42] Deployment completed successfully. Visit: http://54.234.22.100/
[2025-10-03 22:05:46] Navigating to project directory: /c/Users/nonofoS/IdeaProjects/ipachi-pos-portal/ipachi-pos-portal
[2025-10-03 22:05:46] Installing dependencies and building the project
[2025-10-03 22:06:37] Build completed successfully. Output: dist
[2025-10-03 22:06:37] Checking SSH connectivity to ubuntu@54.234.22.100:22 
[2025-10-03 22:06:42] Packaging build into /tmp/ipachi-pos-1759522002.tgz
[2025-10-03 22:06:43] Uploading bundle via PSCP to ubuntu@54.234.22.100:/tmp/ipachi-pos.tgz
[2025-10-03 22:06:53] Upload complete.
[2025-10-03 22:06:53] Applying permissions, deploying files, and restarting Nginx on the server
[2025-10-03 22:06:58] Deployment completed successfully. Visit: http://54.234.22.100/
[2025-10-04 00:18:55] Navigating to project directory: /c/Users/nonofoS/IdeaProjects/ipachi-pos-portal/ipachi-pos-portal
[2025-10-04 00:18:55] Installing dependencies and building the project
[2025-10-04 00:19:38] Build completed successfully. Output: dist
[2025-10-04 00:19:38] Checking SSH connectivity to ubuntu@54.234.22.100:22 
[2025-10-04 00:19:43] Packaging build into /tmp/ipachi-pos-1759529983.tgz
[2025-10-04 00:19:43] Uploading bundle via PSCP to ubuntu@54.234.22.100:/tmp/ipachi-pos.tgz
[2025-10-04 00:19:51] Upload complete.
[2025-10-04 00:19:51] Applying permissions, deploying files, and restarting Nginx on the server
[2025-10-04 00:19:55] Deployment completed successfully. Visit: http://54.234.22.100/
[2025-10-04 14:45:58] Navigating to project directory: /c/Users/nonofoS/IdeaProjects/ipachi-pos-portal/ipachi-pos-portal
[2025-10-04 14:45:58] Installing dependencies and building the project
[2025-10-04 14:47:19] Build completed successfully. Output: dist
[2025-10-04 14:47:20] Checking SSH connectivity to ubuntu@54.234.22.100:22 
[2025-10-04 14:47:24] Packaging build into /tmp/ipachi-pos-1759582044.tgz
[2025-10-04 14:47:26] Uploading bundle via PSCP to ubuntu@54.234.22.100:/tmp/ipachi-pos.tgz
[2025-10-04 14:47:39] Upload complete.
[2025-10-04 14:47:39] Applying permissions, deploying files, and restarting Nginx on the server
[2025-10-04 14:47:44] Deployment completed successfully. Visit: http://54.234.22.100/
[2025-10-05 03:24:51] Navigating to project directory: /c/Users/nonofoS/IdeaProjects/ipachi-pos-portal/ipachi-pos-portal
[2025-10-05 03:24:52] Installing dependencies and building the project
[2025-10-05 03:25:22] Error: npm run build failed. Check build.log

up to date, audited 551 packages in 4s

89 packages are looking for funding
  run `npm fund` for details

3 vulnerabilities (2 moderate, 1 high)

To address all issues possible (including breaking changes), run:
  npm audit fix --force

Some issues need review, and may require choosing
a different dependency.

Run `npm audit` for details.

> ipachi-pos-portal@0.0.1 build
> tsc -b && vite build

src/utils.ts(7,10): error TS2686: 'React' refers to a UMD global, but the current file is a module. Consider adding an import instead.
[2025-10-05 03:26:18] Navigating to project directory: /c/Users/nonofoS/IdeaProjects/ipachi-pos-portal/ipachi-pos-portal
[2025-10-05 03:26:19] Installing dependencies and building the project
[2025-10-05 03:27:02] Build completed successfully. Output: dist
[2025-10-05 03:27:02] Checking SSH connectivity to ubuntu@54.234.22.100:22 
[2025-10-05 03:27:06] Packaging build into /tmp/ipachi-pos-1759627626.tgz
[2025-10-05 03:27:07] Uploading bundle via PSCP to ubuntu@54.234.22.100:/tmp/ipachi-pos.tgz
[2025-10-05 03:27:13] Upload complete.
[2025-10-05 03:27:13] Applying permissions, deploying files, and restarting Nginx on the server
[2025-10-05 03:27:17] Deployment completed successfully. Visit: http://54.234.22.100/
[2025-10-05 12:12:58] Navigating to project directory: /c/Users/nonofoS/IdeaProjects/ipachi-pos-portal/ipachi-pos-portal
[2025-10-05 12:12:59] Installing dependencies and building the project
[2025-10-05 12:14:00] Build completed successfully. Output: dist
[2025-10-05 12:14:00] Checking SSH connectivity to ubuntu@54.234.22.100:22 
[2025-10-05 12:14:04] Packaging build into /tmp/ipachi-pos-1759659244.tgz
[2025-10-05 12:14:06] Uploading bundle via PSCP to ubuntu@54.234.22.100:/tmp/ipachi-pos.tgz
[2025-10-05 12:14:14] Upload complete.
[2025-10-05 12:14:14] Applying permissions, deploying files, and restarting Nginx on the server
[2025-10-05 12:14:18] Deployment completed successfully. Visit: http://54.234.22.100/
[2025-10-05 13:04:27] Navigating to project directory: /c/Users/nonofoS/IdeaProjects/ipachi-pos-portal/ipachi-pos-portal
[2025-10-05 13:04:27] Installing dependencies and building the project
[2025-10-05 13:05:07] Build completed successfully. Output: dist
[2025-10-05 13:05:07] Checking SSH connectivity to ubuntu@54.234.22.100:22 
[2025-10-05 13:05:14] Packaging build into /tmp/ipachi-pos-1759662314.tgz
[2025-10-05 13:05:15] Uploading bundle via PSCP to ubuntu@54.234.22.100:/tmp/ipachi-pos.tgz
[2025-10-05 13:05:39] Upload complete.
[2025-10-05 13:05:39] Applying permissions, deploying files, and restarting Nginx on the server
[2025-10-05 13:05:46] Deployment completed successfully. Visit: http://54.234.22.100/
[2025-10-05 18:50:25] Navigating to project directory: /c/Users/nonofoS/IdeaProjects/ipachi-pos-portal/ipachi-pos-portal
[2025-10-05 18:50:26] Installing dependencies and building the project
[2025-10-05 18:51:03] Build completed successfully. Output: dist
[2025-10-05 18:51:04] Checking SSH connectivity to ubuntu@54.234.22.100:22 
[2025-10-05 18:51:09] Packaging build into /tmp/ipachi-pos-1759683068.tgz
[2025-10-05 18:51:09] Uploading bundle via PSCP to ubuntu@54.234.22.100:/tmp/ipachi-pos.tgz
[2025-10-05 18:51:19] Upload complete.
[2025-10-05 18:51:19] Applying permissions, deploying files, and restarting Nginx on the server
[2025-10-05 18:51:25] Deployment completed successfully. Visit: http://54.234.22.100/
[2025-10-05 19:02:42] Navigating to project directory: /c/Users/nonofoS/IdeaProjects/ipachi-pos-portal/ipachi-pos-portal
[2025-10-05 19:02:42] Installing dependencies and building the project
[2025-10-05 19:03:45] Build completed successfully. Output: dist
[2025-10-05 19:03:46] Checking SSH connectivity to ubuntu@54.234.22.100:22 
[2025-10-05 19:03:50] Packaging build into /tmp/ipachi-pos-1759683830.tgz
[2025-10-05 19:03:51] Uploading bundle via PSCP to ubuntu@54.234.22.100:/tmp/ipachi-pos.tgz
[2025-10-05 19:03:58] Upload complete.
[2025-10-05 19:03:59] Applying permissions, deploying files, and restarting Nginx on the server
[2025-10-05 19:04:08] Deployment completed successfully. Visit: http://54.234.22.100/
[2025-10-05 19:18:56] Navigating to project directory: /c/Users/nonofoS/IdeaProjects/ipachi-pos-portal/ipachi-pos-portal
[2025-10-05 19:18:56] Installing dependencies and building the project
[2025-10-05 19:19:53] Build completed successfully. Output: dist
[2025-10-05 19:19:53] Checking SSH connectivity to ubuntu@54.234.22.100:22 
[2025-10-05 19:19:57] Packaging build into /tmp/ipachi-pos-1759684797.tgz
[2025-10-05 19:19:58] Uploading bundle via PSCP to ubuntu@54.234.22.100:/tmp/ipachi-pos.tgz
[2025-10-05 19:20:06] Upload complete.
[2025-10-05 19:20:06] Applying permissions, deploying files, and restarting Nginx on the server
[2025-10-05 19:20:12] Deployment completed successfully. Visit: http://54.234.22.100/
[2025-10-06 00:28:29] Navigating to project directory: /c/Users/nonofoS/IdeaProjects/ipachi-pos-portal/ipachi-pos-portal
[2025-10-06 00:28:29] Installing dependencies and building the project
[2025-10-06 00:29:36] Build completed successfully. Output: dist
[2025-10-06 00:29:36] Checking SSH connectivity to ubuntu@54.234.22.100:22 
[2025-10-06 00:29:40] Packaging build into /tmp/ipachi-pos-1759703379.tgz
[2025-10-06 00:29:40] Uploading bundle via PSCP to ubuntu@54.234.22.100:/tmp/ipachi-pos.tgz
[2025-10-06 00:29:47] Upload complete.
[2025-10-06 00:29:47] Applying permissions, deploying files, and restarting Nginx on the server
[2025-10-06 00:29:51] Deployment completed successfully. Visit: http://54.234.22.100/
[2025-10-07 13:59:26] Navigating to project directory: C:\Users\nonofoS\IdeaProjects\ipachi-pos-portal\ipachi-pos-portal
[2025-10-07 13:59:26] Installing dependencies and building the project...
[2025-10-07 14:00:07] Build completed successfully. Output directory: dist
[2025-10-07 14:00:08] Transferring files to root@159.223.202.97:/var/www/ipachi-pos...
[2025-10-07 14:01:17] Files transferred successfully
[2025-10-07 14:01:17] Setting permissions and restarting Nginx on 159.223.202.97...
[2025-10-07 14:01:18] Error: SSH commands failed
